Determining if the pthread_create exist failed with the following output:
Change Dir: /home/geesara/project/tmp/cmake/cmake-build-debug/CMakeFiles/CMakeTmp

Run Build Command(s):/usr/bin/make cmTC_65fa0/fast 
/usr/bin/make -f CMakeFiles/cmTC_65fa0.dir/build.make CMakeFiles/cmTC_65fa0.dir/build
make[1]: Entering directory '/home/geesara/project/tmp/cmake/cmake-build-debug/CMakeFiles/CMakeTmp'
Building C object CMakeFiles/cmTC_65fa0.dir/CheckSymbolExists.c.o
/usr/bin/cc    -o CMakeFiles/cmTC_65fa0.dir/CheckSymbolExists.c.o   -c /home/geesara/project/tmp/cmake/cmake-build-debug/CMakeFiles/CMakeTmp/CheckSymbolExists.c
Linking C executable cmTC_65fa0
/home/geesara/software/clion-2019.1.4/bin/cmake/linux/bin/cmake -E cmake_link_script CMakeFiles/cmTC_65fa0.dir/link.txt --verbose=1
/usr/bin/cc      -rdynamic CMakeFiles/cmTC_65fa0.dir/CheckSymbolExists.c.o  -o cmTC_65fa0 
CMakeFiles/cmTC_65fa0.dir/CheckSymbolExists.c.o: In function `main':
CheckSymbolExists.c:(.text+0x1b): undefined reference to `pthread_create'
collect2: error: ld returned 1 exit status
CMakeFiles/cmTC_65fa0.dir/build.make:86: recipe for target 'cmTC_65fa0' failed
make[1]: *** [cmTC_65fa0] Error 1
make[1]: Leaving directory '/home/geesara/project/tmp/cmake/cmake-build-debug/CMakeFiles/CMakeTmp'
Makefile:121: recipe for target 'cmTC_65fa0/fast' failed
make: *** [cmTC_65fa0/fast] Error 2

File /home/geesara/project/tmp/cmake/cmake-build-debug/CMakeFiles/CMakeTmp/CheckSymbolExists.c:
/* */
#include <pthread.h>

int main(int argc, char** argv)
{
  (void)argv;
#ifndef pthread_create
  return ((int*)(&pthread_create))[argc];
#else
  (void)argc;
  return 0;
#endif
}

Determining if the function pthread_create exists in the pthreads failed with the following output:
Change Dir: /home/geesara/project/tmp/cmake/cmake-build-debug/CMakeFiles/CMakeTmp

Run Build Command(s):/usr/bin/make cmTC_0151d/fast 
/usr/bin/make -f CMakeFiles/cmTC_0151d.dir/build.make CMakeFiles/cmTC_0151d.dir/build
make[1]: Entering directory '/home/geesara/project/tmp/cmake/cmake-build-debug/CMakeFiles/CMakeTmp'
Building C object CMakeFiles/cmTC_0151d.dir/CheckFunctionExists.c.o
/usr/bin/cc   -DCHECK_FUNCTION_EXISTS=pthread_create   -o CMakeFiles/cmTC_0151d.dir/CheckFunctionExists.c.o   -c /home/geesara/software/clion-2019.1.4/bin/cmake/linux/share/cmake-3.14/Modules/CheckFunctionExists.c
Linking C executable cmTC_0151d
/home/geesara/software/clion-2019.1.4/bin/cmake/linux/bin/cmake -E cmake_link_script CMakeFiles/cmTC_0151d.dir/link.txt --verbose=1
/usr/bin/cc  -DCHECK_FUNCTION_EXISTS=pthread_create    -rdynamic CMakeFiles/cmTC_0151d.dir/CheckFunctionExists.c.o  -o cmTC_0151d -lpthreads 
/usr/bin/ld: cannot find -lpthreads
collect2: error: ld returned 1 exit status
CMakeFiles/cmTC_0151d.dir/build.make:86: recipe for target 'cmTC_0151d' failed
make[1]: *** [cmTC_0151d] Error 1
make[1]: Leaving directory '/home/geesara/project/tmp/cmake/cmake-build-debug/CMakeFiles/CMakeTmp'
Makefile:121: recipe for target 'cmTC_0151d/fast' failed
make: *** [cmTC_0151d/fast] Error 2


